<?xml version="1.0" encoding="UTF-8"?>
<testsuite name="hello.WebTest" tests="1" skipped="0" failures="0" errors="0" timestamp="2018-05-09T18:34:52" hostname="richard-ThinkPad-T470-W10DG" time="4.419">
  <properties/>
  <testcase name="defaultSnippetGeneration" classname="hello.WebTest" time="4.419"/>
  <system-out><![CDATA[2018-05-09 19:34:51.989  INFO 20195 --- [    Test worker] o.s.t.c.s.DefaultTestContextBootstrapper : Neither @ContextConfiguration nor @ContextHierarchy found for test class [hello.WebTest], using DelegatingSmartContextLoader
2018-05-09 19:34:51.990  INFO 20195 --- [    Test worker] o.s.t.c.support.AbstractContextLoader    : Could not detect default resource locations for test class [hello.WebTest]: no resource found for suffixes {-context.xml, Context.groovy}.
2018-05-09 19:34:51.991  INFO 20195 --- [    Test worker] t.c.s.AnnotationConfigContextLoaderUtils : Could not detect default configuration classes for test class [hello.WebTest]: WebTest does not declare any static, non-private, non-final, nested classes annotated with @Configuration.
2018-05-09 19:34:51.994  INFO 20195 --- [    Test worker] o.s.t.c.s.DefaultTestContextBootstrapper : Loaded default TestExecutionListener class names from location [META-INF/spring.factories]: [org.springframework.test.context.web.ServletTestExecutionListener, org.springframework.test.context.support.DirtiesContextBeforeModesTestExecutionListener, org.springframework.test.context.support.DependencyInjectionTestExecutionListener, org.springframework.test.context.support.DirtiesContextTestExecutionListener, org.springframework.test.context.transaction.TransactionalTestExecutionListener, org.springframework.test.context.jdbc.SqlScriptsTestExecutionListener, org.springframework.boot.test.autoconfigure.restdocs.RestDocsTestExecutionListener, org.springframework.boot.test.autoconfigure.web.client.MockRestServiceServerResetTestExecutionListener, org.springframework.boot.test.autoconfigure.web.servlet.MockMvcPrintOnlyOnFailureTestExecutionListener, org.springframework.boot.test.autoconfigure.web.servlet.WebDriverTestExecutionListener, org.springframework.boot.test.mock.mockito.MockitoTestExecutionListener, org.springframework.boot.test.mock.mockito.ResetMocksTestExecutionListener]
2018-05-09 19:34:51.995  INFO 20195 --- [    Test worker] o.s.t.c.s.DefaultTestContextBootstrapper : Using TestExecutionListeners: [org.springframework.test.context.web.ServletTestExecutionListener@6e5b18ab, org.springframework.test.context.support.DirtiesContextBeforeModesTestExecutionListener@732c0ca7, org.springframework.boot.test.mock.mockito.MockitoTestExecutionListener@3fb1568f, org.springframework.test.context.support.DependencyInjectionTestExecutionListener@51697b5e, org.springframework.test.context.support.DirtiesContextTestExecutionListener@6741bf98, org.springframework.test.context.transaction.TransactionalTestExecutionListener@741bcee3, org.springframework.test.context.jdbc.SqlScriptsTestExecutionListener@41abebc1, org.springframework.boot.test.autoconfigure.web.client.MockRestServiceServerResetTestExecutionListener@5b82cb21, org.springframework.boot.test.autoconfigure.restdocs.RestDocsTestExecutionListener@315502b6, org.springframework.boot.test.mock.mockito.ResetMocksTestExecutionListener@1b93bea9, org.springframework.boot.test.autoconfigure.web.servlet.WebDriverTestExecutionListener@5f8bbf9, org.springframework.boot.test.autoconfigure.web.servlet.MockMvcPrintOnlyOnFailureTestExecutionListener@486ea3a4]
2018-05-09 19:34:51.998  INFO 20195 --- [    Test worker] o.s.c.support.GenericApplicationContext  : Refreshing org.springframework.context.support.GenericApplicationContext@17309cb4: startup date [Wed May 09 19:34:51 BST 2018]; root of context hierarchy
]]></system-out>
  <system-err><![CDATA[]]></system-err>
</testsuite>
